Determining if the pthread_create exist failed with the following output:
Change Dir: /home/amishsqrrob/uuv_simulator/build/uuv_sensor_ros_plugins/CMakeFiles/CMakeTmp

Run Build Command:"/usr/bin/make" "cmTC_6efce/fast"
/usr/bin/make -f CMakeFiles/cmTC_6efce.dir/build.make CMakeFiles/cmTC_6efce.dir/build
make[1]: Entering directory '/home/amishsqrrob/uuv_simulator/build/uuv_sensor_ros_plugins/CMakeFiles/CMakeTmp'
Building C object CMakeFiles/cmTC_6efce.dir/CheckSymbolExists.c.o
/usr/bin/cc     -o CMakeFiles/cmTC_6efce.dir/CheckSymbolExists.c.o   -c /home/amishsqrrob/uuv_simulator/build/uuv_sensor_ros_plugins/CMakeFiles/CMakeTmp/CheckSymbolExists.c
Linking C executable cmTC_6efce
/usr/bin/cmake -E cmake_link_script CMakeFiles/cmTC_6efce.dir/link.txt --verbose=1
/usr/bin/cc       CMakeFiles/cmTC_6efce.dir/CheckSymbolExists.c.o  -o cmTC_6efce -rdynamic 
CMakeFiles/cmTC_6efce.dir/CheckSymbolExists.c.o: In function `main':
CheckSymbolExists.c:(.text+0x16): undefined reference to `pthread_create'
collect2: error: ld returned 1 exit status
CMakeFiles/cmTC_6efce.dir/build.make:97: recipe for target 'cmTC_6efce' failed
make[1]: *** [cmTC_6efce] Error 1
make[1]: Leaving directory '/home/amishsqrrob/uuv_simulator/build/uuv_sensor_ros_plugins/CMakeFiles/CMakeTmp'
Makefile:126: recipe for target 'cmTC_6efce/fast' failed
make: *** [cmTC_6efce/fast] Error 2

File /home/amishsqrrob/uuv_simulator/build/uuv_sensor_ros_plugins/CMakeFiles/CMakeTmp/CheckSymbolExists.c:
/* */
#include <pthread.h>

int main(int argc, char** argv)
{
  (void)argv;
#ifndef pthread_create
  return ((int*)(&pthread_create))[argc];
#else
  (void)argc;
  return 0;
#endif
}

Determining if the function pthread_create exists in the pthreads failed with the following output:
Change Dir: /home/amishsqrrob/uuv_simulator/build/uuv_sensor_ros_plugins/CMakeFiles/CMakeTmp

Run Build Command:"/usr/bin/make" "cmTC_56686/fast"
/usr/bin/make -f CMakeFiles/cmTC_56686.dir/build.make CMakeFiles/cmTC_56686.dir/build
make[1]: Entering directory '/home/amishsqrrob/uuv_simulator/build/uuv_sensor_ros_plugins/CMakeFiles/CMakeTmp'
Building C object CMakeFiles/cmTC_56686.dir/CheckFunctionExists.c.o
/usr/bin/cc    -DCHECK_FUNCTION_EXISTS=pthread_create   -o CMakeFiles/cmTC_56686.dir/CheckFunctionExists.c.o   -c /usr/share/cmake-3.5/Modules/CheckFunctionExists.c
Linking C executable cmTC_56686
/usr/bin/cmake -E cmake_link_script CMakeFiles/cmTC_56686.dir/link.txt --verbose=1
/usr/bin/cc   -DCHECK_FUNCTION_EXISTS=pthread_create    CMakeFiles/cmTC_56686.dir/CheckFunctionExists.c.o  -o cmTC_56686 -rdynamic -lpthreads 
/usr/bin/ld: cannot find -lpthreads
collect2: error: ld returned 1 exit status
CMakeFiles/cmTC_56686.dir/build.make:97: recipe for target 'cmTC_56686' failed
make[1]: *** [cmTC_56686] Error 1
make[1]: Leaving directory '/home/amishsqrrob/uuv_simulator/build/uuv_sensor_ros_plugins/CMakeFiles/CMakeTmp'
Makefile:126: recipe for target 'cmTC_56686/fast' failed
make: *** [cmTC_56686/fast] Error 2


