Determining if the pthread_create exist failed with the following output:
Change Dir: /home/amishsqrrob/uuv_simulator/build/oberon4_control/CMakeFiles/CMakeTmp

Run Build Command:"/usr/bin/make" "cmTC_86076/fast"
/usr/bin/make -f CMakeFiles/cmTC_86076.dir/build.make CMakeFiles/cmTC_86076.dir/build
make[1]: Entering directory '/home/amishsqrrob/uuv_simulator/build/oberon4_control/CMakeFiles/CMakeTmp'
Building C object CMakeFiles/cmTC_86076.dir/CheckSymbolExists.c.o
/usr/bin/cc     -o CMakeFiles/cmTC_86076.dir/CheckSymbolExists.c.o   -c /home/amishsqrrob/uuv_simulator/build/oberon4_control/CMakeFiles/CMakeTmp/CheckSymbolExists.c
Linking C executable cmTC_86076
/usr/bin/cmake -E cmake_link_script CMakeFiles/cmTC_86076.dir/link.txt --verbose=1
/usr/bin/cc       CMakeFiles/cmTC_86076.dir/CheckSymbolExists.c.o  -o cmTC_86076 -rdynamic 
CMakeFiles/cmTC_86076.dir/CheckSymbolExists.c.o: In function `main':
CheckSymbolExists.c:(.text+0x16): undefined reference to `pthread_create'
collect2: error: ld returned 1 exit status
CMakeFiles/cmTC_86076.dir/build.make:97: recipe for target 'cmTC_86076' failed
make[1]: *** [cmTC_86076] Error 1
make[1]: Leaving directory '/home/amishsqrrob/uuv_simulator/build/oberon4_control/CMakeFiles/CMakeTmp'
Makefile:126: recipe for target 'cmTC_86076/fast' failed
make: *** [cmTC_86076/fast] Error 2

File /home/amishsqrrob/uuv_simulator/build/oberon4_control/CMakeFiles/CMakeTmp/CheckSymbolExists.c:
/* */
#include <pthread.h>

int main(int argc, char** argv)
{
  (void)argv;
#ifndef pthread_create
  return ((int*)(&pthread_create))[argc];
#else
  (void)argc;
  return 0;
#endif
}

Determining if the function pthread_create exists in the pthreads failed with the following output:
Change Dir: /home/amishsqrrob/uuv_simulator/build/oberon4_control/CMakeFiles/CMakeTmp

Run Build Command:"/usr/bin/make" "cmTC_475f9/fast"
/usr/bin/make -f CMakeFiles/cmTC_475f9.dir/build.make CMakeFiles/cmTC_475f9.dir/build
make[1]: Entering directory '/home/amishsqrrob/uuv_simulator/build/oberon4_control/CMakeFiles/CMakeTmp'
Building C object CMakeFiles/cmTC_475f9.dir/CheckFunctionExists.c.o
/usr/bin/cc    -DCHECK_FUNCTION_EXISTS=pthread_create   -o CMakeFiles/cmTC_475f9.dir/CheckFunctionExists.c.o   -c /usr/share/cmake-3.5/Modules/CheckFunctionExists.c
Linking C executable cmTC_475f9
/usr/bin/cmake -E cmake_link_script CMakeFiles/cmTC_475f9.dir/link.txt --verbose=1
/usr/bin/cc   -DCHECK_FUNCTION_EXISTS=pthread_create    CMakeFiles/cmTC_475f9.dir/CheckFunctionExists.c.o  -o cmTC_475f9 -rdynamic -lpthreads 
/usr/bin/ld: cannot find -lpthreads
collect2: error: ld returned 1 exit status
CMakeFiles/cmTC_475f9.dir/build.make:97: recipe for target 'cmTC_475f9' failed
make[1]: *** [cmTC_475f9] Error 1
make[1]: Leaving directory '/home/amishsqrrob/uuv_simulator/build/oberon4_control/CMakeFiles/CMakeTmp'
Makefile:126: recipe for target 'cmTC_475f9/fast' failed
make: *** [cmTC_475f9/fast] Error 2


